<?xml version="1.0" encoding="UTF-8" ?>
<testsuite failures="0" time="0.893" errors="0" skipped="0" tests="2" name="uk.co.optimisticpanda.dropwizard.commands.RunScriptCommandTest">
  <properties>
[...]
</properties>
  <testcase time="0.853" classname="uk.co.optimisticpanda.dropwizard.commands.RunScriptCommandTest" name="checkExecuteScriptDoesntApplyWhenItIsFound"/>
  <testcase time="0.029" classname="uk.co.optimisticpanda.dropwizard.commands.RunScriptCommandTest" name="checkExecuteScriptDoesntApplyWhenHasNoScript"/>
</testsuite>